0:00:00:00 Starting a new session
0:00:00:00 Loaded a total of 1 password hash
0:00:00:00 Command line: john --wordlist=strings.txt data.hash 
0:00:00:00 - UTF-8 input encoding enabled
0:00:00:00 - Passwords will be stored UTF-8 encoded in .pot file
0:00:00:00 - Hash type: PKZIP (min-len 0, max-len 10 [worst case UTF-8] to 31 [ASCII])
0:00:00:00 - Algorithm: 32/64
0:00:00:00 - Will reject candidates longer than 31 bytes
0:00:00:00 - Candidate passwords will be buffered and tried in chunks of 8192
0:00:00:00 Proceeding with wordlist mode
0:00:00:00 - Wordlist file: strings.txt
0:00:00:00 - memory mapping wordlist (25657599 bytes)
0:00:00:00 - No word mangling rules
0:00:00:00 - No stacked rules
0:00:00:00 + Cracked data.jet
0:00:00:00 Session completed
0:00:00:00 Starting a new session
0:00:00:00 Loaded a total of 1 password hash
0:00:00:00 Command line: john --wordlist=strings.txt data.hash 
0:00:00:00 - UTF-8 input encoding enabled
0:00:00:00 - Passwords will be stored UTF-8 encoded in .pot file
0:00:00:00 - Hash type: PKZIP (min-len 0, max-len 10 [worst case UTF-8] to 31 [ASCII])
0:00:00:00 - Algorithm: 32/64
0:00:00:00 - Will reject candidates longer than 31 bytes
0:00:00:00 - Candidate passwords will be buffered and tried in chunks of 8192
0:00:00:00 Proceeding with wordlist mode
0:00:00:00 - Wordlist file: strings.txt
0:00:00:00 - memory mapping wordlist (29461841 bytes)
0:00:00:00 - No word mangling rules
0:00:00:00 - No stacked rules
0:00:00:00 + Cracked data.jet
0:00:00:00 Session completed
0:00:00:00 Starting a new session
0:00:00:00 Loaded a total of 1 password hash
0:00:00:00 Command line: john --wordlist=strings.txt data.hash 
0:00:00:00 - UTF-8 input encoding enabled
0:00:00:00 - Passwords will be stored UTF-8 encoded in .pot file
0:00:00:00 - Hash type: PKZIP (min-len 0, max-len 10 [worst case UTF-8] to 31 [ASCII])
0:00:00:00 - Algorithm: 32/64
0:00:00:00 - Will reject candidates longer than 31 bytes
0:00:00:00 - Candidate passwords will be buffered and tried in chunks of 8192
0:00:00:00 Proceeding with wordlist mode
0:00:00:00 - Wordlist file: strings.txt
0:00:00:00 - memory mapping wordlist (29459271 bytes)
0:00:00:00 - No word mangling rules
0:00:00:00 - No stacked rules
0:00:00:00 + Cracked data.jet
0:00:00:00 Session completed
0:00:00:00 Starting a new session
0:00:00:00 Loaded a total of 1 password hash
0:00:00:00 Command line: john --wordlist=strings.txt data.hash 
0:00:00:00 - UTF-8 input encoding enabled
0:00:00:00 - Passwords will be stored UTF-8 encoded in .pot file
0:00:00:00 - Hash type: PKZIP (min-len 0, max-len 10 [worst case UTF-8] to 31 [ASCII])
0:00:00:00 - Algorithm: 32/64
0:00:00:00 - Will reject candidates longer than 31 bytes
0:00:00:00 - Candidate passwords will be buffered and tried in chunks of 8192
0:00:00:00 Proceeding with wordlist mode
0:00:00:00 - Wordlist file: strings.txt
0:00:00:00 - memory mapping wordlist (29463371 bytes)
0:00:00:00 - No word mangling rules
0:00:00:00 - No stacked rules
0:00:00:00 + Cracked data.jet
0:00:00:00 Session completed
0:00:00:00 Starting a new session
0:00:00:00 Loaded a total of 1 password hash
0:00:00:00 Command line: john --wordlist=strings.txt data.hash 
0:00:00:00 - UTF-8 input encoding enabled
0:00:00:00 - Passwords will be stored UTF-8 encoded in .pot file
0:00:00:00 - Hash type: PKZIP (min-len 0, max-len 10 [worst case UTF-8] to 31 [ASCII])
0:00:00:00 - Algorithm: 32/64
0:00:00:00 - Will reject candidates longer than 31 bytes
0:00:00:00 - Candidate passwords will be buffered and tried in chunks of 8192
0:00:00:00 Proceeding with wordlist mode
0:00:00:00 - Wordlist file: strings.txt
0:00:00:00 - memory mapping wordlist (30069725 bytes)
0:00:00:00 - No word mangling rules
0:00:00:00 - No stacked rules
0:00:00:00 + Cracked data.jet
0:00:00:00 Session completed
0:00:00:00 Starting a new session
0:00:00:00 Loaded a total of 1 password hash
0:00:00:00 Command line: john --wordlist=strings.txt data.hash 
0:00:00:00 - UTF-8 input encoding enabled
0:00:00:00 - Passwords will be stored UTF-8 encoded in .pot file
0:00:00:00 - Hash type: PKZIP (min-len 0, max-len 10 [worst case UTF-8] to 31 [ASCII])
0:00:00:00 - Algorithm: 32/64
0:00:00:00 - Will reject candidates longer than 31 bytes
0:00:00:00 - Candidate passwords will be buffered and tried in chunks of 8192
0:00:00:00 Proceeding with wordlist mode
0:00:00:00 - Wordlist file: strings.txt
0:00:00:00 - memory mapping wordlist (30877751 bytes)
0:00:00:00 - No word mangling rules
0:00:00:00 - No stacked rules
0:00:00:00 + Cracked data.jet
0:00:00:00 Session completed
0:00:00:00 Starting a new session
0:00:00:00 Loaded a total of 1 password hash
0:00:00:00 Command line: john --wordlist=strings.txt data.hash 
0:00:00:00 - UTF-8 input encoding enabled
0:00:00:00 - Passwords will be stored UTF-8 encoded in .pot file
0:00:00:00 - Hash type: PKZIP (min-len 0, max-len 10 [worst case UTF-8] to 31 [ASCII])
0:00:00:00 - Algorithm: 32/64
0:00:00:00 - Will reject candidates longer than 31 bytes
0:00:00:00 - Candidate passwords will be buffered and tried in chunks of 8192
0:00:00:00 Proceeding with wordlist mode
0:00:00:00 - Wordlist file: strings.txt
0:00:00:00 - memory mapping wordlist (30869472 bytes)
0:00:00:00 - No word mangling rules
0:00:00:00 - No stacked rules
0:00:00:00 + Cracked data.jet
0:00:00:00 Session completed
0:00:00:00 Starting a new session
0:00:00:00 Loaded a total of 1 password hash
0:00:00:00 Command line: john --wordlist=strings.txt data.hash 
0:00:00:00 - UTF-8 input encoding enabled
0:00:00:00 - Passwords will be stored UTF-8 encoded in .pot file
0:00:00:00 - Hash type: PKZIP (min-len 0, max-len 10 [worst case UTF-8] to 31 [ASCII])
0:00:00:00 - Algorithm: 32/64
0:00:00:00 - Will reject candidates longer than 31 bytes
0:00:00:00 - Candidate passwords will be buffered and tried in chunks of 8192
0:00:00:00 Proceeding with wordlist mode
0:00:00:00 - Wordlist file: strings.txt
0:00:00:00 - memory mapping wordlist (31444171 bytes)
0:00:00:00 - No word mangling rules
0:00:00:00 - No stacked rules
0:00:00:00 + Cracked data.jet
0:00:00:00 Session completed
0:00:00:00 Starting a new session
0:00:00:00 Loaded a total of 1 password hash
0:00:00:00 Command line: john --wordlist=strings.txt data.hash 
0:00:00:00 - UTF-8 input encoding enabled
0:00:00:00 - Passwords will be stored UTF-8 encoded in .pot file
0:00:00:00 - Hash type: PKZIP (min-len 0, max-len 10 [worst case UTF-8] to 31 [ASCII])
0:00:00:00 - Algorithm: 32/64
0:00:00:00 - Will reject candidates longer than 31 bytes
0:00:00:00 - Candidate passwords will be buffered and tried in chunks of 8192
0:00:00:00 Proceeding with wordlist mode
0:00:00:00 - Wordlist file: strings.txt
0:00:00:00 - memory mapping wordlist (31131325 bytes)
0:00:00:00 - No word mangling rules
0:00:00:00 - No stacked rules
0:00:00:00 + Cracked data.jet
0:00:00:00 Session completed
0:00:00:00 Starting a new session
0:00:00:00 Loaded a total of 1 password hash
0:00:00:00 Command line: john --wordlist=strings.txt data.hash 
0:00:00:00 - UTF-8 input encoding enabled
0:00:00:00 - Passwords will be stored UTF-8 encoded in .pot file
0:00:00:00 - Hash type: PKZIP (min-len 0, max-len 10 [worst case UTF-8] to 31 [ASCII])
0:00:00:00 - Algorithm: 32/64
0:00:00:00 - Will reject candidates longer than 31 bytes
0:00:00:00 - Candidate passwords will be buffered and tried in chunks of 8192
0:00:00:00 Proceeding with wordlist mode
0:00:00:00 - Wordlist file: strings.txt
0:00:00:00 - memory mapping wordlist (30125923 bytes)
0:00:00:00 - No word mangling rules
0:00:00:00 - No stacked rules
0:00:00:00 + Cracked data.jet
0:00:00:00 Session completed
0:00:00:00 Starting a new session
0:00:00:00 Loaded a total of 1 password hash
0:00:00:00 Command line: john --wordlist=strings.txt data.hash 
0:00:00:00 - UTF-8 input encoding enabled
0:00:00:00 - Passwords will be stored UTF-8 encoded in .pot file
0:00:00:00 - Hash type: PKZIP (min-len 0, max-len 10 [worst case UTF-8] to 31 [ASCII])
0:00:00:00 - Algorithm: 32/64
0:00:00:00 - Will reject candidates longer than 31 bytes
0:00:00:00 - Candidate passwords will be buffered and tried in chunks of 8192
0:00:00:00 Proceeding with wordlist mode
0:00:00:00 - Wordlist file: strings.txt
0:00:00:00 - memory mapping wordlist (30127960 bytes)
0:00:00:00 - No word mangling rules
0:00:00:00 - No stacked rules
0:00:00:00 + Cracked data.jet
0:00:00:00 Session completed
0:00:00:00 Starting a new session
0:00:00:00 Loaded a total of 1 password hash
0:00:00:00 Command line: john --wordlist=strings.txt data.hash 
0:00:00:00 - UTF-8 input encoding enabled
0:00:00:00 - Passwords will be stored UTF-8 encoded in .pot file
0:00:00:00 - Hash type: PKZIP (min-len 0, max-len 10 [worst case UTF-8] to 31 [ASCII])
0:00:00:00 - Algorithm: 32/64
0:00:00:00 - Will reject candidates longer than 31 bytes
0:00:00:00 - Candidate passwords will be buffered and tried in chunks of 8192
0:00:00:00 Proceeding with wordlist mode
0:00:00:00 - Wordlist file: strings.txt
0:00:00:00 - memory mapping wordlist (33560514 bytes)
0:00:00:00 - No word mangling rules
0:00:00:00 - No stacked rules
0:00:00:00 Session completed
0:00:00:00 Starting a new session
0:00:00:00 Loaded a total of 1 password hash
0:00:00:00 Command line: john --wordlist=strings.txt data.hash 
0:00:00:00 - UTF-8 input encoding enabled
0:00:00:00 - Passwords will be stored UTF-8 encoded in .pot file
0:00:00:00 - Hash type: PKZIP (min-len 0, max-len 10 [worst case UTF-8] to 31 [ASCII])
0:00:00:00 - Algorithm: 32/64
0:00:00:00 - Will reject candidates longer than 31 bytes
0:00:00:00 - Candidate passwords will be buffered and tried in chunks of 8192
0:00:00:00 Proceeding with wordlist mode
0:00:00:00 - Wordlist file: strings.txt
0:00:00:00 - memory mapping wordlist (35472523 bytes)
0:00:00:00 - No word mangling rules
0:00:00:00 - No stacked rules
0:00:00:00 Session completed
0:00:00:00 Starting a new session
0:00:00:00 Loaded a total of 1 password hash
0:00:00:00 Command line: john --wordlist=strings.txt data.hash 
0:00:00:00 - UTF-8 input encoding enabled
0:00:00:00 - Passwords will be stored UTF-8 encoded in .pot file
0:00:00:00 - Hash type: PKZIP (min-len 0, max-len 10 [worst case UTF-8] to 31 [ASCII])
0:00:00:00 - Algorithm: 32/64
0:00:00:00 - Will reject candidates longer than 31 bytes
0:00:00:00 - Candidate passwords will be buffered and tried in chunks of 8192
0:00:00:00 Proceeding with wordlist mode
0:00:00:00 - Wordlist file: strings.txt
0:00:00:00 - memory mapping wordlist (35960405 bytes)
0:00:00:00 - No word mangling rules
0:00:00:00 - No stacked rules
0:00:00:00 + Cracked data.jet
0:00:00:00 Session completed
0:00:00:00 Starting a new session
0:00:00:00 Loaded a total of 1 password hash
0:00:00:00 Command line: john --wordlist=strings.txt data.hash 
0:00:00:00 - UTF-8 input encoding enabled
0:00:00:00 - Passwords will be stored UTF-8 encoded in .pot file
0:00:00:00 - Hash type: PKZIP (min-len 0, max-len 10 [worst case UTF-8] to 31 [ASCII])
0:00:00:00 - Algorithm: 32/64
0:00:00:00 - Will reject candidates longer than 31 bytes
0:00:00:00 - Candidate passwords will be buffered and tried in chunks of 49152
0:00:00:00 Proceeding with wordlist mode
0:00:00:00 - Wordlist file: strings.txt
0:00:00:00 - memory mapping wordlist (29016211 bytes)
0:00:00:00 - No word mangling rules
0:00:00:00 - No stacked rules
0:00:00:00 + Cracked data.jet
0:00:00:00 Session completed
0:00:00:00 Starting a new session
0:00:00:00 Loaded a total of 1 password hash
0:00:00:00 Command line: john --wordlist=strings.txt data.hash 
0:00:00:00 - UTF-8 input encoding enabled
0:00:00:00 - Passwords will be stored UTF-8 encoded in .pot file
0:00:00:00 - Hash type: PKZIP (min-len 0, max-len 10 [worst case UTF-8] to 31 [ASCII])
0:00:00:00 - Algorithm: 32/64
0:00:00:00 - Will reject candidates longer than 31 bytes
0:00:00:00 - Candidate passwords will be buffered and tried in chunks of 16384
0:00:00:00 Proceeding with wordlist mode
0:00:00:00 - Wordlist file: strings.txt
0:00:00:00 - memory mapping wordlist (35063246 bytes)
0:00:00:00 - No word mangling rules
0:00:00:00 - No stacked rules
0:00:00:00 Session completed
0:00:00:00 Starting a new session
0:00:00:00 Loaded a total of 1 password hash
0:00:00:00 Command line: john --wordlist=strings.txt data.hash 
0:00:00:00 - UTF-8 input encoding enabled
0:00:00:00 - Passwords will be stored UTF-8 encoded in .pot file
0:00:00:00 - Hash type: PKZIP (min-len 0, max-len 10 [worst case UTF-8] to 31 [ASCII])
0:00:00:00 - Algorithm: 32/64
0:00:00:00 - Will reject candidates longer than 31 bytes
0:00:00:00 - Candidate passwords will be buffered and tried in chunks of 16384
0:00:00:00 Proceeding with wordlist mode
0:00:00:00 - Wordlist file: strings.txt
0:00:00:00 - memory mapping wordlist (35858233 bytes)
0:00:00:00 - No word mangling rules
0:00:00:00 - No stacked rules
0:00:00:00 + Cracked data.jet
0:00:00:00 Session completed
0:00:00:00 Starting a new session
0:00:00:00 Loaded a total of 1 password hash
0:00:00:00 Command line: john --wordlist=strings.txt data.hash 
0:00:00:00 - UTF-8 input encoding enabled
0:00:00:00 - Passwords will be stored UTF-8 encoded in .pot file
0:00:00:00 - Hash type: PKZIP (min-len 0, max-len 10 [worst case UTF-8] to 31 [ASCII])
0:00:00:00 - Algorithm: 32/64
0:00:00:00 - Will reject candidates longer than 31 bytes
0:00:00:00 - Candidate passwords will be buffered and tried in chunks of 16384
0:00:00:00 Proceeding with wordlist mode
0:00:00:00 - Wordlist file: strings.txt
0:00:00:00 - memory mapping wordlist (35082837 bytes)
0:00:00:00 - No word mangling rules
0:00:00:00 - No stacked rules
0:00:00:00 + Cracked data.jet
0:00:00:00 Session completed
0:00:00:00 Starting a new session
0:00:00:00 Loaded a total of 1 password hash
0:00:00:00 Command line: src/john --wordlist=strings.txt D:\My-Programs\CrackMonkeyRemastered\bin\Debug\src\data.hash 
0:00:00:00 - UTF-8 input encoding enabled
0:00:00:00 - Passwords will be stored UTF-8 encoded in .pot file
0:00:00:00 - Hash type: PKZIP (min-len 0, max-len 10 [worst case UTF-8] to 31 [ASCII])
0:00:00:00 - Algorithm: 32/64
0:00:00:00 - Will reject candidates longer than 31 bytes
0:00:00:00 - Candidate passwords will be buffered and tried in chunks of 16384
0:00:00:00 Proceeding with wordlist mode
0:00:00:00 Terminating on error, wordlist.c:683
0:00:00:00 Starting a new session
0:00:00:00 Loaded a total of 1 password hash
0:00:00:00 Command line: src/john --wordlist=D:\My-Programs\CrackMonkeyRemastered\bin\Debug\src\strings.txt D:\My-Programs\CrackMonkeyRemastered\bin\Debug\src\data.hash 
0:00:00:00 - UTF-8 input encoding enabled
0:00:00:00 - Passwords will be stored UTF-8 encoded in .pot file
0:00:00:00 - Hash type: PKZIP (min-len 0, max-len 10 [worst case UTF-8] to 31 [ASCII])
0:00:00:00 - Algorithm: 32/64
0:00:00:00 - Will reject candidates longer than 31 bytes
0:00:00:00 - Candidate passwords will be buffered and tried in chunks of 16384
0:00:00:00 Proceeding with wordlist mode
0:00:00:00 - Wordlist file: D:\My-Programs\CrackMonkeyRemastered\bin\Debug\src\strings.txt
0:00:00:00 - memory mapping wordlist (34199360 bytes)
0:00:00:00 - No word mangling rules
0:00:00:00 - No stacked rules
0:00:00:00 + Cracked datajetCOPY.jet
0:00:00:00 Session completed
0:00:00:00 Starting a new session
0:00:00:00 Loaded a total of 1 password hash
0:00:00:00 Command line: /src/john --wordlist=D:\My-Programs\CrackMonkeyRemastered\bin\Debug\src\strings.txt D:\My-Programs\CrackMonkeyRemastered\bin\Debug\src\data.hash 
0:00:00:00 - UTF-8 input encoding enabled
0:00:00:00 - Passwords will be stored UTF-8 encoded in .pot file
0:00:00:00 - Hash type: PKZIP (min-len 0, max-len 10 [worst case UTF-8] to 31 [ASCII])
0:00:00:00 - Algorithm: 32/64
0:00:00:00 - Will reject candidates longer than 31 bytes
0:00:00:00 - Candidate passwords will be buffered and tried in chunks of 16384
0:00:00:00 Proceeding with wordlist mode
0:00:00:00 - Wordlist file: D:\My-Programs\CrackMonkeyRemastered\bin\Debug\src\strings.txt
0:00:00:00 - memory mapping wordlist (39085118 bytes)
0:00:00:00 - No word mangling rules
0:00:00:00 - No stacked rules
0:00:00:00 + Cracked datajetCOPY.jet
0:00:00:00 Session completed
0:00:00:00 Starting a new session
0:00:00:00 Loaded a total of 1 password hash
0:00:00:00 Command line: /src/john --wordlist=D:\My-Programs\CrackMonkeyRemastered\bin\Debug\src\strings.txt D:\My-Programs\CrackMonkeyRemastered\bin\Debug\src\data.hash 
0:00:00:00 - UTF-8 input encoding enabled
0:00:00:00 - Passwords will be stored UTF-8 encoded in .pot file
0:00:00:00 - Hash type: PKZIP (min-len 0, max-len 10 [worst case UTF-8] to 31 [ASCII])
0:00:00:00 - Algorithm: 32/64
0:00:00:00 - Will reject candidates longer than 31 bytes
0:00:00:00 - Candidate passwords will be buffered and tried in chunks of 16384
0:00:00:00 Proceeding with wordlist mode
0:00:00:00 - Wordlist file: D:\My-Programs\CrackMonkeyRemastered\bin\Debug\src\strings.txt
0:00:00:00 - memory mapping wordlist (40440870 bytes)
0:00:00:00 - No word mangling rules
0:00:00:00 - No stacked rules
0:00:00:00 + Cracked datajetCOPY.jet
0:00:00:00 Session completed
0:00:00:00 Starting a new session
0:00:00:00 Loaded a total of 1 password hash
0:00:00:00 Command line: /src/john --wordlist=D:\My-Programs\CrackMonkeyRemastered\bin\Debug\src\strings.txt D:\My-Programs\CrackMonkeyRemastered\bin\Debug\src\data.hash 
0:00:00:00 - UTF-8 input encoding enabled
0:00:00:00 - Passwords will be stored UTF-8 encoded in .pot file
0:00:00:00 - Hash type: PKZIP (min-len 0, max-len 10 [worst case UTF-8] to 31 [ASCII])
0:00:00:00 - Algorithm: 32/64
0:00:00:00 - Will reject candidates longer than 31 bytes
0:00:00:00 - Candidate passwords will be buffered and tried in chunks of 16384
0:00:00:00 Proceeding with wordlist mode
0:00:00:00 - Wordlist file: D:\My-Programs\CrackMonkeyRemastered\bin\Debug\src\strings.txt
0:00:00:00 - memory mapping wordlist (42008582 bytes)
0:00:00:00 - No word mangling rules
0:00:00:00 - No stacked rules
0:00:00:00 + Cracked datajetCOPY.jet
0:00:00:00 Session completed
0:00:00:00 Starting a new session
0:00:00:00 Loaded a total of 1 password hash
0:00:00:00 Command line: /src/john --wordlist=D:\My-Programs\CrackMonkeyRemastered\bin\Debug\src\strings.txt D:\My-Programs\CrackMonkeyRemastered\bin\Debug\src\data.hash 
0:00:00:00 - UTF-8 input encoding enabled
0:00:00:00 - Passwords will be stored UTF-8 encoded in .pot file
0:00:00:00 - Hash type: PKZIP (min-len 0, max-len 10 [worst case UTF-8] to 31 [ASCII])
0:00:00:00 - Algorithm: 32/64
0:00:00:00 - Will reject candidates longer than 31 bytes
0:00:00:00 - Candidate passwords will be buffered and tried in chunks of 16384
0:00:00:00 Proceeding with wordlist mode
0:00:00:00 - Wordlist file: D:\My-Programs\CrackMonkeyRemastered\bin\Debug\src\strings.txt
0:00:00:00 - memory mapping wordlist (41126102 bytes)
0:00:00:00 - No word mangling rules
0:00:00:00 - No stacked rules
0:00:00:00 + Cracked datajetCOPY.jet
0:00:00:00 Session completed
0:00:00:00 Starting a new session
0:00:00:00 Loaded a total of 1 password hash
0:00:00:00 Command line: /src/john --wordlist=D:\My-Programs\CrackMonkeyRemastered\bin\Debug\src\strings.txt D:\My-Programs\CrackMonkeyRemastered\bin\Debug\src\data.hash 
0:00:00:00 - UTF-8 input encoding enabled
0:00:00:00 - Passwords will be stored UTF-8 encoded in .pot file
0:00:00:00 - Hash type: PKZIP (min-len 0, max-len 10 [worst case UTF-8] to 31 [ASCII])
0:00:00:00 - Algorithm: 32/64
0:00:00:00 - Will reject candidates longer than 31 bytes
0:00:00:00 - Candidate passwords will be buffered and tried in chunks of 16384
0:00:00:00 Proceeding with wordlist mode
0:00:00:00 - Wordlist file: D:\My-Programs\CrackMonkeyRemastered\bin\Debug\src\strings.txt
0:00:00:00 - memory mapping wordlist (41627654 bytes)
0:00:00:00 - No word mangling rules
0:00:00:00 - No stacked rules
0:00:00:00 + Cracked datajetCOPY.jet
0:00:00:00 Session completed
0:00:00:00 Starting a new session
0:00:00:00 Loaded a total of 1 password hash
0:00:00:00 Command line: /src/john --wordlist=D:\My-Programs\CrackMonkeyRemastered\bin\Debug\src\strings.txt D:\My-Programs\CrackMonkeyRemastered\bin\Debug\src\data.hash 
0:00:00:00 - UTF-8 input encoding enabled
0:00:00:00 - Passwords will be stored UTF-8 encoded in .pot file
0:00:00:00 - Hash type: PKZIP (min-len 0, max-len 10 [worst case UTF-8] to 31 [ASCII])
0:00:00:00 - Algorithm: 32/64
0:00:00:00 - Will reject candidates longer than 31 bytes
0:00:00:00 - Candidate passwords will be buffered and tried in chunks of 16384
0:00:00:00 Proceeding with wordlist mode
0:00:00:00 - Wordlist file: D:\My-Programs\CrackMonkeyRemastered\bin\Debug\src\strings.txt
0:00:00:00 - memory mapping wordlist (41893899 bytes)
0:00:00:00 - No word mangling rules
0:00:00:00 - No stacked rules
0:00:00:00 + Cracked datajetCOPY.jet
0:00:00:00 Session completed
0:00:00:00 Starting a new session
0:00:00:00 Loaded a total of 1 password hash
0:00:00:00 Command line: /src/john --wordlist=D:\My-Programs\CrackMonkeyRemastered\bin\Debug\src\strings.txt D:\My-Programs\CrackMonkeyRemastered\bin\Debug\src\data.hash 
0:00:00:00 - UTF-8 input encoding enabled
0:00:00:00 - Passwords will be stored UTF-8 encoded in .pot file
0:00:00:00 - Hash type: PKZIP (min-len 0, max-len 10 [worst case UTF-8] to 31 [ASCII])
0:00:00:00 - Algorithm: 32/64
0:00:00:00 - Will reject candidates longer than 31 bytes
0:00:00:00 - Candidate passwords will be buffered and tried in chunks of 16384
0:00:00:00 Proceeding with wordlist mode
0:00:00:00 - Wordlist file: D:\My-Programs\CrackMonkeyRemastered\bin\Debug\src\strings.txt
0:00:00:00 - memory mapping wordlist (43109760 bytes)
0:00:00:00 - No word mangling rules
0:00:00:00 - No stacked rules
0:00:00:00 + Cracked datajetCOPY.jet
0:00:00:00 Session completed
0:00:00:00 Starting a new session
0:00:00:00 Loaded a total of 1 password hash
0:00:00:00 Command line: /src/john --wordlist=D:\My-Programs\CrackMonkeyRemastered\bin\Debug\src\strings.txt D:\My-Programs\CrackMonkeyRemastered\bin\Debug\src\data.hash 
0:00:00:00 - UTF-8 input encoding enabled
0:00:00:00 - Passwords will be stored UTF-8 encoded in .pot file
0:00:00:00 - Hash type: PKZIP (min-len 0, max-len 10 [worst case UTF-8] to 31 [ASCII])
0:00:00:00 - Algorithm: 32/64
0:00:00:00 - Will reject candidates longer than 31 bytes
0:00:00:00 - Candidate passwords will be buffered and tried in chunks of 16384
0:00:00:00 Proceeding with wordlist mode
0:00:00:00 - Wordlist file: D:\My-Programs\CrackMonkeyRemastered\bin\Debug\src\strings.txt
0:00:00:00 - memory mapping wordlist (35122235 bytes)
0:00:00:00 - No word mangling rules
0:00:00:00 - No stacked rules
0:00:00:00 + Cracked datajetCOPY.jet
0:00:00:00 Session completed
0:00:00:00 Starting a new session
0:00:00:00 Loaded a total of 1 password hash
0:00:00:00 Command line: /src/john --wordlist=D:\My-Programs\CrackMonkeyRemastered\bin\Debug\src\strings.txt D:\My-Programs\CrackMonkeyRemastered\bin\Debug\src\data.hash 
0:00:00:00 - UTF-8 input encoding enabled
0:00:00:00 - Passwords will be stored UTF-8 encoded in .pot file
0:00:00:00 - Hash type: PKZIP (min-len 0, max-len 10 [worst case UTF-8] to 31 [ASCII])
0:00:00:00 - Algorithm: 32/64
0:00:00:00 - Will reject candidates longer than 31 bytes
0:00:00:00 - Candidate passwords will be buffered and tried in chunks of 16384
0:00:00:00 Proceeding with wordlist mode
0:00:00:00 - Wordlist file: D:\My-Programs\CrackMonkeyRemastered\bin\Debug\src\strings.txt
0:00:00:00 - memory mapping wordlist (34135285 bytes)
0:00:00:00 - No word mangling rules
0:00:00:00 - No stacked rules
0:00:00:00 + Cracked datajetCOPY.jet
0:00:00:00 Session completed
0:00:00:00 Starting a new session
0:00:00:00 Loaded a total of 1 password hash
0:00:00:00 Command line: /src/john --wordlist=D:\My-Programs\CrackMonkeyRemastered\bin\Debug\src\strings.txt D:\My-Programs\CrackMonkeyRemastered\bin\Debug\src\data.hash 
0:00:00:00 - UTF-8 input encoding enabled
0:00:00:00 - Passwords will be stored UTF-8 encoded in .pot file
0:00:00:00 - Hash type: PKZIP (min-len 0, max-len 10 [worst case UTF-8] to 31 [ASCII])
0:00:00:00 - Algorithm: 32/64
0:00:00:00 - Will reject candidates longer than 31 bytes
0:00:00:00 - Candidate passwords will be buffered and tried in chunks of 16384
0:00:00:00 Proceeding with wordlist mode
0:00:00:00 - Wordlist file: D:\My-Programs\CrackMonkeyRemastered\bin\Debug\src\strings.txt
0:00:00:00 - memory mapping wordlist (34441109 bytes)
0:00:00:00 - No word mangling rules
0:00:00:00 - No stacked rules
0:00:00:00 + Cracked datajetCOPY.jet
0:00:00:00 Session completed
0:00:00:00 Starting a new session
0:00:00:00 Loaded a total of 1 password hash
0:00:00:00 Command line: /src/john --wordlist=D:\My-Programs\CrackMonkeyRemastered\bin\Debug\src\strings.txt D:\My-Programs\CrackMonkeyRemastered\bin\Debug\src\data.hash 
0:00:00:00 - UTF-8 input encoding enabled
0:00:00:00 - Passwords will be stored UTF-8 encoded in .pot file
0:00:00:00 - Hash type: PKZIP (min-len 0, max-len 10 [worst case UTF-8] to 31 [ASCII])
0:00:00:00 - Algorithm: 32/64
0:00:00:00 - Will reject candidates longer than 31 bytes
0:00:00:00 - Candidate passwords will be buffered and tried in chunks of 16384
0:00:00:00 Proceeding with wordlist mode
0:00:00:00 - Wordlist file: D:\My-Programs\CrackMonkeyRemastered\bin\Debug\src\strings.txt
0:00:00:00 - memory mapping wordlist (36439191 bytes)
0:00:00:00 - No word mangling rules
0:00:00:00 - No stacked rules
0:00:00:00 + Cracked datajetCOPY.jet
0:00:00:00 Session completed
0:00:00:00 Starting a new session
0:00:00:00 Loaded a total of 1 password hash
0:00:00:00 Command line: /src/john --wordlist=D:\My-Programs\CrackMonkeyRemastered\bin\Debug\src\strings.txt D:\My-Programs\CrackMonkeyRemastered\bin\Debug\src\data.hash 
0:00:00:00 - UTF-8 input encoding enabled
0:00:00:00 - Passwords will be stored UTF-8 encoded in .pot file
0:00:00:00 - Hash type: PKZIP (min-len 0, max-len 10 [worst case UTF-8] to 31 [ASCII])
0:00:00:00 - Algorithm: 32/64
0:00:00:00 - Will reject candidates longer than 31 bytes
0:00:00:00 - Candidate passwords will be buffered and tried in chunks of 16384
0:00:00:00 Proceeding with wordlist mode
0:00:00:00 - Wordlist file: D:\My-Programs\CrackMonkeyRemastered\bin\Debug\src\strings.txt
0:00:00:00 - memory mapping wordlist (36012814 bytes)
0:00:00:00 - No word mangling rules
0:00:00:00 - No stacked rules
0:00:00:00 + Cracked datajetCOPY.jet
0:00:00:00 Session completed
0:00:00:00 Starting a new session
0:00:00:00 Loaded a total of 1 password hash
0:00:00:00 Command line: /src/john --wordlist=D:\My-Programs\CrackMonkeyRemastered\bin\Debug\src\strings.txt D:\My-Programs\CrackMonkeyRemastered\bin\Debug\src\data.hash 
0:00:00:00 - UTF-8 input encoding enabled
0:00:00:00 - Passwords will be stored UTF-8 encoded in .pot file
0:00:00:00 - Hash type: PKZIP (min-len 0, max-len 10 [worst case UTF-8] to 31 [ASCII])
0:00:00:00 - Algorithm: 32/64
0:00:00:00 - Will reject candidates longer than 31 bytes
0:00:00:00 - Candidate passwords will be buffered and tried in chunks of 16384
0:00:00:00 Proceeding with wordlist mode
0:00:00:00 - Wordlist file: D:\My-Programs\CrackMonkeyRemastered\bin\Debug\src\strings.txt
0:00:00:00 - memory mapping wordlist (36772184 bytes)
0:00:00:00 - No word mangling rules
0:00:00:00 - No stacked rules
0:00:00:00 + Cracked datajetCOPY.jet
0:00:00:00 Session completed
0:00:00:00 Starting a new session
0:00:00:00 Loaded a total of 1 password hash
0:00:00:00 Command line: /src/john --wordlist=D:\My-Programs\CrackMonkeyRemastered\bin\Debug\src\strings.txt D:\My-Programs\CrackMonkeyRemastered\bin\Debug\src\data.hash 
0:00:00:00 - UTF-8 input encoding enabled
0:00:00:00 - Passwords will be stored UTF-8 encoded in .pot file
0:00:00:00 - Hash type: PKZIP (min-len 0, max-len 10 [worst case UTF-8] to 31 [ASCII])
0:00:00:00 - Algorithm: 32/64
0:00:00:00 - Will reject candidates longer than 31 bytes
0:00:00:00 - Candidate passwords will be buffered and tried in chunks of 16384
0:00:00:00 Proceeding with wordlist mode
0:00:00:00 - Wordlist file: D:\My-Programs\CrackMonkeyRemastered\bin\Debug\src\strings.txt
0:00:00:00 - memory mapping wordlist (36987489 bytes)
0:00:00:00 - No word mangling rules
0:00:00:00 - No stacked rules
0:00:00:00 + Cracked datajetCOPY.jet
0:00:00:00 Session completed
0:00:00:00 Starting a new session
0:00:00:00 Loaded a total of 1 password hash
0:00:00:00 Command line: /src/john --wordlist=D:\My-Programs\CrackMonkeyRemastered\bin\Debug\src\strings.txt D:\My-Programs\CrackMonkeyRemastered\bin\Debug\src\data.hash 
0:00:00:00 - UTF-8 input encoding enabled
0:00:00:00 - Passwords will be stored UTF-8 encoded in .pot file
0:00:00:00 - Hash type: PKZIP (min-len 0, max-len 10 [worst case UTF-8] to 31 [ASCII])
0:00:00:00 - Algorithm: 32/64
0:00:00:00 - Will reject candidates longer than 31 bytes
0:00:00:00 - Candidate passwords will be buffered and tried in chunks of 16384
0:00:00:00 Proceeding with wordlist mode
0:00:00:00 - Wordlist file: D:\My-Programs\CrackMonkeyRemastered\bin\Debug\src\strings.txt
0:00:00:00 - memory mapping wordlist (38066108 bytes)
0:00:00:00 - No word mangling rules
0:00:00:00 - No stacked rules
0:00:00:00 + Cracked datajetCOPY.jet
0:00:00:00 Session completed
0:00:00:00 Starting a new session
0:00:00:00 Loaded a total of 1 password hash
0:00:00:00 Command line: /src/john --wordlist=D:\My-Programs\CrackMonkeyRemastered\bin\Debug\src\strings.txt D:\My-Programs\CrackMonkeyRemastered\bin\Debug\src\data.hash 
0:00:00:00 - UTF-8 input encoding enabled
0:00:00:00 - Passwords will be stored UTF-8 encoded in .pot file
0:00:00:00 - Hash type: PKZIP (min-len 0, max-len 10 [worst case UTF-8] to 31 [ASCII])
0:00:00:00 - Algorithm: 32/64
0:00:00:00 - Will reject candidates longer than 31 bytes
0:00:00:00 - Candidate passwords will be buffered and tried in chunks of 16384
0:00:00:00 Proceeding with wordlist mode
0:00:00:00 - Wordlist file: D:\My-Programs\CrackMonkeyRemastered\bin\Debug\src\strings.txt
0:00:00:00 - memory mapping wordlist (39560678 bytes)
0:00:00:00 - No word mangling rules
0:00:00:00 - No stacked rules
0:00:00:00 + Cracked datajetCOPY.jet
0:00:00:00 Session completed
0:00:00:00 Starting a new session
0:00:00:00 Loaded a total of 1 password hash
0:00:00:00 Command line: /src/john --wordlist=D:\My-Programs\CrackMonkeyRemastered\bin\Debug\src\strings.txt D:\My-Programs\CrackMonkeyRemastered\bin\Debug\src\data.hash 
0:00:00:00 - UTF-8 input encoding enabled
0:00:00:00 - Passwords will be stored UTF-8 encoded in .pot file
0:00:00:00 - Hash type: PKZIP (min-len 0, max-len 10 [worst case UTF-8] to 31 [ASCII])
0:00:00:00 - Algorithm: 32/64
0:00:00:00 - Will reject candidates longer than 31 bytes
0:00:00:00 - Candidate passwords will be buffered and tried in chunks of 16384
0:00:00:00 Proceeding with wordlist mode
0:00:00:00 - Wordlist file: D:\My-Programs\CrackMonkeyRemastered\bin\Debug\src\strings.txt
0:00:00:00 - memory mapping wordlist (39567907 bytes)
0:00:00:00 - No word mangling rules
0:00:00:00 - No stacked rules
0:00:00:00 + Cracked datajetCOPY.jet
0:00:00:00 Session completed
0:00:00:00 Starting a new session
0:00:00:00 Loaded a total of 1 password hash
0:00:00:00 Command line: /src/john --wordlist=D:\My-Programs\CrackMonkeyRemastered\bin\Debug\src\strings.txt D:\My-Programs\CrackMonkeyRemastered\bin\Debug\src\data.hash 
0:00:00:00 - UTF-8 input encoding enabled
0:00:00:00 - Passwords will be stored UTF-8 encoded in .pot file
0:00:00:00 - Hash type: PKZIP (min-len 0, max-len 10 [worst case UTF-8] to 31 [ASCII])
0:00:00:00 - Algorithm: 32/64
0:00:00:00 - Will reject candidates longer than 31 bytes
0:00:00:00 - Candidate passwords will be buffered and tried in chunks of 16384
0:00:00:00 Proceeding with wordlist mode
0:00:00:00 - Wordlist file: D:\My-Programs\CrackMonkeyRemastered\bin\Debug\src\strings.txt
0:00:00:00 - memory mapping wordlist (40306190 bytes)
0:00:00:00 - No word mangling rules
0:00:00:00 - No stacked rules
0:00:00:00 + Cracked datajetCOPY.jet
0:00:00:00 Session completed
0:00:00:00 Starting a new session
0:00:00:00 Loaded a total of 1 password hash
0:00:00:00 Command line: /src/john --wordlist=D:\My-Programs\CrackMonkeyRemastered\bin\Debug\src\strings.txt D:\My-Programs\CrackMonkeyRemastered\bin\Debug\src\data.hash 
0:00:00:00 - UTF-8 input encoding enabled
0:00:00:00 - Passwords will be stored UTF-8 encoded in .pot file
0:00:00:00 - Hash type: PKZIP (min-len 0, max-len 10 [worst case UTF-8] to 31 [ASCII])
0:00:00:00 - Algorithm: 32/64
0:00:00:00 - Will reject candidates longer than 31 bytes
0:00:00:00 - Candidate passwords will be buffered and tried in chunks of 16384
0:00:00:00 Proceeding with wordlist mode
0:00:00:00 - Wordlist file: D:\My-Programs\CrackMonkeyRemastered\bin\Debug\src\strings.txt
0:00:00:00 - memory mapping wordlist (40116603 bytes)
0:00:00:00 - No word mangling rules
0:00:00:00 - No stacked rules
0:00:00:00 + Cracked datajetCOPY.jet
0:00:00:00 Session completed
0:00:00:00 Starting a new session
0:00:00:00 Loaded a total of 1 password hash
0:00:00:00 Command line: /src/john --wordlist=D:\My-Programs\CrackMonkeyRemastered\bin\Debug\src\strings.txt D:\My-Programs\CrackMonkeyRemastered\bin\Debug\src\data.hash 
0:00:00:00 - UTF-8 input encoding enabled
0:00:00:00 - Passwords will be stored UTF-8 encoded in .pot file
0:00:00:00 - Hash type: PKZIP (min-len 0, max-len 10 [worst case UTF-8] to 31 [ASCII])
0:00:00:00 - Algorithm: 32/64
0:00:00:00 - Will reject candidates longer than 31 bytes
0:00:00:00 - Candidate passwords will be buffered and tried in chunks of 16384
0:00:00:00 Proceeding with wordlist mode
0:00:00:00 - Wordlist file: D:\My-Programs\CrackMonkeyRemastered\bin\Debug\src\strings.txt
0:00:00:00 - memory mapping wordlist (34525247 bytes)
0:00:00:00 - No word mangling rules
0:00:00:00 - No stacked rules
0:00:00:00 + Cracked datajetCOPY.jet
0:00:00:00 Session completed
0:00:00:00 Starting a new session
0:00:00:00 Loaded a total of 1 password hash
0:00:00:00 Command line: /src/john --wordlist=D:\My-Programs\CrackMonkeyRemastered\bin\Debug\src\strings.txt D:\My-Programs\CrackMonkeyRemastered\bin\Debug\src\data.hash 
0:00:00:00 - UTF-8 input encoding enabled
0:00:00:00 - Passwords will be stored UTF-8 encoded in .pot file
0:00:00:00 - Hash type: PKZIP (min-len 0, max-len 10 [worst case UTF-8] to 31 [ASCII])
0:00:00:00 - Algorithm: 32/64
0:00:00:00 - Will reject candidates longer than 31 bytes
0:00:00:00 - Candidate passwords will be buffered and tried in chunks of 16384
0:00:00:00 Proceeding with wordlist mode
0:00:00:00 - Wordlist file: D:\My-Programs\CrackMonkeyRemastered\bin\Debug\src\strings.txt
0:00:00:00 - memory mapping wordlist (34402276 bytes)
0:00:00:00 - No word mangling rules
0:00:00:00 - No stacked rules
0:00:00:00 + Cracked datajetCOPY.jet
0:00:00:00 Session completed
0:00:00:00 Starting a new session
0:00:00:00 Loaded a total of 1 password hash
0:00:00:00 Command line: /src/john --wordlist=D:\My-Programs\CrackMonkeyRemastered\bin\Debug\src\strings.txt D:\My-Programs\CrackMonkeyRemastered\bin\Debug\src\data.hash 
0:00:00:00 - UTF-8 input encoding enabled
0:00:00:00 - Passwords will be stored UTF-8 encoded in .pot file
0:00:00:00 - Hash type: PKZIP (min-len 0, max-len 10 [worst case UTF-8] to 31 [ASCII])
0:00:00:00 - Algorithm: 32/64
0:00:00:00 - Will reject candidates longer than 31 bytes
0:00:00:00 - Candidate passwords will be buffered and tried in chunks of 16384
0:00:00:00 Proceeding with wordlist mode
0:00:00:00 - Wordlist file: D:\My-Programs\CrackMonkeyRemastered\bin\Debug\src\strings.txt
0:00:00:00 - memory mapping wordlist (35831518 bytes)
0:00:00:01 - No word mangling rules
0:00:00:01 - No stacked rules
0:00:00:01 + Cracked datajetCOPY.jet
0:00:00:01 Session completed
0:00:00:00 Starting a new session
0:00:00:00 Loaded a total of 1 password hash
0:00:00:00 Command line: /src/john --wordlist=D:\My-Programs\CrackMonkeyRemastered\bin\Debug\src\strings.txt D:\My-Programs\CrackMonkeyRemastered\bin\Debug\src\data.hash 
0:00:00:00 - UTF-8 input encoding enabled
0:00:00:00 - Passwords will be stored UTF-8 encoded in .pot file
0:00:00:00 - Hash type: PKZIP (min-len 0, max-len 10 [worst case UTF-8] to 31 [ASCII])
0:00:00:00 - Algorithm: 32/64
0:00:00:00 - Will reject candidates longer than 31 bytes
0:00:00:00 - Candidate passwords will be buffered and tried in chunks of 16384
0:00:00:00 Proceeding with wordlist mode
0:00:00:00 - Wordlist file: D:\My-Programs\CrackMonkeyRemastered\bin\Debug\src\strings.txt
0:00:00:00 - memory mapping wordlist (35832302 bytes)
0:00:00:02 - No word mangling rules
0:00:00:02 - No stacked rules
0:00:00:02 + Cracked datajetCOPY.jet
0:00:00:02 Session completed
0:00:00:00 Starting a new session
0:00:00:00 Loaded a total of 1 password hash
0:00:00:00 Command line: /src/john --wordlist=D:\My-Programs\CrackMonkeyRemastered\bin\Debug\src\strings.txt D:\My-Programs\CrackMonkeyRemastered\bin\Debug\src\data.hash 
0:00:00:00 - UTF-8 input encoding enabled
0:00:00:00 - Passwords will be stored UTF-8 encoded in .pot file
0:00:00:00 - Hash type: PKZIP (min-len 0, max-len 10 [worst case UTF-8] to 31 [ASCII])
0:00:00:00 - Algorithm: 32/64
0:00:00:00 - Will reject candidates longer than 31 bytes
0:00:00:00 - Candidate passwords will be buffered and tried in chunks of 16384
0:00:00:00 Proceeding with wordlist mode
0:00:00:00 - Wordlist file: D:\My-Programs\CrackMonkeyRemastered\bin\Debug\src\strings.txt
0:00:00:00 - memory mapping wordlist (35836040 bytes)
0:00:00:00 - No word mangling rules
0:00:00:00 - No stacked rules
0:00:00:00 + Cracked datajetCOPY.jet
0:00:00:00 Session completed
0:00:00:00 Starting a new session
0:00:00:00 Loaded a total of 1 password hash
0:00:00:00 Command line: /src/john --wordlist=D:\My-Programs\CrackMonkeyRemastered\bin\Debug\src\strings.txt D:\My-Programs\CrackMonkeyRemastered\bin\Debug\src\data.hash 
0:00:00:00 - UTF-8 input encoding enabled
0:00:00:00 - Passwords will be stored UTF-8 encoded in .pot file
0:00:00:00 - Hash type: PKZIP (min-len 0, max-len 10 [worst case UTF-8] to 31 [ASCII])
0:00:00:00 - Algorithm: 32/64
0:00:00:00 - Will reject candidates longer than 31 bytes
0:00:00:00 - Candidate passwords will be buffered and tried in chunks of 16384
0:00:00:00 Proceeding with wordlist mode
0:00:00:00 - Wordlist file: D:\My-Programs\CrackMonkeyRemastered\bin\Debug\src\strings.txt
0:00:00:00 - memory mapping wordlist (35242007 bytes)
0:00:00:00 - No word mangling rules
0:00:00:00 - No stacked rules
0:00:00:00 + Cracked datajetCOPY.jet
0:00:00:00 Session completed
0:00:00:00 Starting a new session
0:00:00:00 Loaded a total of 1 password hash
0:00:00:00 Command line: /src/john --wordlist=D:\My-Programs\CrackMonkeyRemastered\bin\Debug\src\strings.txt D:\My-Programs\CrackMonkeyRemastered\bin\Debug\src\data.hash 
0:00:00:00 - UTF-8 input encoding enabled
0:00:00:00 - Passwords will be stored UTF-8 encoded in .pot file
0:00:00:00 - Hash type: PKZIP (min-len 0, max-len 10 [worst case UTF-8] to 31 [ASCII])
0:00:00:00 - Algorithm: 32/64
0:00:00:00 - Will reject candidates longer than 31 bytes
0:00:00:00 - Candidate passwords will be buffered and tried in chunks of 16384
0:00:00:00 Proceeding with wordlist mode
0:00:00:00 - Wordlist file: D:\My-Programs\CrackMonkeyRemastered\bin\Debug\src\strings.txt
0:00:00:00 - memory mapping wordlist (34020971 bytes)
0:00:00:00 - No word mangling rules
0:00:00:00 - No stacked rules
0:00:00:00 + Cracked datajetCOPY.jet
0:00:00:00 Session completed
0:00:00:00 Starting a new session
0:00:00:00 Loaded a total of 1 password hash
0:00:00:00 Command line: /src/john --wordlist=D:\My-Programs\CrackMonkeyRemastered\bin\Debug\src\strings.txt D:\My-Programs\CrackMonkeyRemastered\bin\Debug\src\data.hash 
0:00:00:00 - UTF-8 input encoding enabled
0:00:00:00 - Passwords will be stored UTF-8 encoded in .pot file
0:00:00:00 - Hash type: PKZIP (min-len 0, max-len 10 [worst case UTF-8] to 31 [ASCII])
0:00:00:00 - Algorithm: 32/64
0:00:00:00 - Will reject candidates longer than 31 bytes
0:00:00:00 - Candidate passwords will be buffered and tried in chunks of 16384
0:00:00:00 Proceeding with wordlist mode
0:00:00:00 - Wordlist file: D:\My-Programs\CrackMonkeyRemastered\bin\Debug\src\strings.txt
0:00:00:00 - memory mapping wordlist (35938985 bytes)
0:00:00:00 - No word mangling rules
0:00:00:00 - No stacked rules
0:00:00:00 + Cracked datajetCOPY.jet
0:00:00:00 Session completed
0:00:00:00 Starting a new session
0:00:00:00 Loaded a total of 1 password hash
0:00:00:00 Command line: /src/john --wordlist=D:\My-Programs\CrackMonkeyRemastered\bin\Debug\src\strings.txt D:\My-Programs\CrackMonkeyRemastered\bin\Debug\src\data.hash 
0:00:00:00 - UTF-8 input encoding enabled
0:00:00:00 - Passwords will be stored UTF-8 encoded in .pot file
0:00:00:00 - Hash type: PKZIP (min-len 0, max-len 10 [worst case UTF-8] to 31 [ASCII])
0:00:00:00 - Algorithm: 32/64
0:00:00:00 - Will reject candidates longer than 31 bytes
0:00:00:00 - Candidate passwords will be buffered and tried in chunks of 16384
0:00:00:00 Proceeding with wordlist mode
0:00:00:00 - Wordlist file: D:\My-Programs\CrackMonkeyRemastered\bin\Debug\src\strings.txt
0:00:00:00 - memory mapping wordlist (36612479 bytes)
0:00:00:00 - No word mangling rules
0:00:00:00 - No stacked rules
0:00:00:00 + Cracked datajetCOPY.jet
0:00:00:00 Session completed
0:00:00:00 Starting a new session
0:00:00:00 Loaded a total of 1 password hash
0:00:00:00 Command line: /src/john --wordlist=D:\My-Programs\CrackMonkeyRemastered\bin\Debug\src\strings.txt D:\My-Programs\CrackMonkeyRemastered\bin\Debug\src\data.hash 
0:00:00:00 - UTF-8 input encoding enabled
0:00:00:00 - Passwords will be stored UTF-8 encoded in .pot file
0:00:00:00 - Hash type: PKZIP (min-len 0, max-len 10 [worst case UTF-8] to 31 [ASCII])
0:00:00:00 - Algorithm: 32/64
0:00:00:00 - Will reject candidates longer than 31 bytes
0:00:00:00 - Candidate passwords will be buffered and tried in chunks of 16384
0:00:00:00 Proceeding with wordlist mode
0:00:00:00 - Wordlist file: D:\My-Programs\CrackMonkeyRemastered\bin\Debug\src\strings.txt
0:00:00:00 - memory mapping wordlist (36604205 bytes)
0:00:00:00 - No word mangling rules
0:00:00:00 - No stacked rules
0:00:00:00 + Cracked datajetCOPY.jet
0:00:00:00 Session completed
0:00:00:00 Starting a new session
0:00:00:00 Loaded a total of 1 password hash
0:00:00:00 Command line: /src/john --wordlist=D:\My-Programs\CrackMonkeyRemastered\bin\Debug\src\strings.txt D:\My-Programs\CrackMonkeyRemastered\bin\Debug\src\data.hash 
0:00:00:00 - UTF-8 input encoding enabled
0:00:00:00 - Passwords will be stored UTF-8 encoded in .pot file
0:00:00:00 - Hash type: PKZIP (min-len 0, max-len 10 [worst case UTF-8] to 31 [ASCII])
0:00:00:00 - Algorithm: 32/64
0:00:00:00 - Will reject candidates longer than 31 bytes
0:00:00:00 - Candidate passwords will be buffered and tried in chunks of 16384
0:00:00:00 Proceeding with wordlist mode
0:00:00:00 - Wordlist file: D:\My-Programs\CrackMonkeyRemastered\bin\Debug\src\strings.txt
0:00:00:00 - memory mapping wordlist (37191650 bytes)
0:00:00:00 - No word mangling rules
0:00:00:00 - No stacked rules
0:00:00:00 + Cracked datajetCOPY.jet
0:00:00:00 Session completed
0:00:00:00 Starting a new session
0:00:00:00 Loaded a total of 1 password hash
0:00:00:00 Command line: /src/john --wordlist=D:\My-Programs\CrackMonkeyRemastered\bin\Debug\src\strings.txt D:\My-Programs\CrackMonkeyRemastered\bin\Debug\src\data.hash 
0:00:00:00 - UTF-8 input encoding enabled
0:00:00:00 - Passwords will be stored UTF-8 encoded in .pot file
0:00:00:00 - Hash type: PKZIP (min-len 0, max-len 10 [worst case UTF-8] to 31 [ASCII])
0:00:00:00 - Algorithm: 32/64
0:00:00:00 - Will reject candidates longer than 31 bytes
0:00:00:00 - Candidate passwords will be buffered and tried in chunks of 16384
0:00:00:00 Proceeding with wordlist mode
0:00:00:00 - Wordlist file: D:\My-Programs\CrackMonkeyRemastered\bin\Debug\src\strings.txt
0:00:00:00 - memory mapping wordlist (37186278 bytes)
0:00:00:00 - No word mangling rules
0:00:00:00 - No stacked rules
0:00:00:00 + Cracked datajetCOPY.jet
0:00:00:00 Session completed
0:00:00:00 Starting a new session
0:00:00:00 Loaded a total of 1 password hash
0:00:00:00 Command line: /src/john --wordlist=D:\My-Programs\CrackMonkeyRemastered\bin\Debug\src\strings.txt D:\My-Programs\CrackMonkeyRemastered\bin\Debug\src\data.hash 
0:00:00:00 - UTF-8 input encoding enabled
0:00:00:00 - Passwords will be stored UTF-8 encoded in .pot file
0:00:00:00 - Hash type: PKZIP (min-len 0, max-len 10 [worst case UTF-8] to 31 [ASCII])
0:00:00:00 - Algorithm: 32/64
0:00:00:00 - Will reject candidates longer than 31 bytes
0:00:00:00 - Candidate passwords will be buffered and tried in chunks of 16384
0:00:00:00 Proceeding with wordlist mode
0:00:00:00 - Wordlist file: D:\My-Programs\CrackMonkeyRemastered\bin\Debug\src\strings.txt
0:00:00:00 - memory mapping wordlist (34533183 bytes)
0:00:00:00 - No word mangling rules
0:00:00:00 - No stacked rules
0:00:00:00 + Cracked datajetCOPY.jet
0:00:00:00 Session completed
0:00:00:00 Starting a new session
0:00:00:00 Loaded a total of 1 password hash
0:00:00:00 Command line: /src/john --wordlist=D:\My-Programs\CrackMonkeyRemastered\bin\Debug\src\strings.txt D:\My-Programs\CrackMonkeyRemastered\bin\Debug\src\data.hash 
0:00:00:00 - UTF-8 input encoding enabled
0:00:00:00 - Passwords will be stored UTF-8 encoded in .pot file
0:00:00:00 - Hash type: PKZIP (min-len 0, max-len 10 [worst case UTF-8] to 31 [ASCII])
0:00:00:00 - Algorithm: 32/64
0:00:00:00 - Will reject candidates longer than 31 bytes
0:00:00:00 - Candidate passwords will be buffered and tried in chunks of 16384
0:00:00:00 Proceeding with wordlist mode
0:00:00:00 - Wordlist file: D:\My-Programs\CrackMonkeyRemastered\bin\Debug\src\strings.txt
0:00:00:00 - memory mapping wordlist (34700894 bytes)
0:00:00:00 - No word mangling rules
0:00:00:00 - No stacked rules
0:00:00:00 + Cracked datajetCOPY.jet
0:00:00:00 Session completed
